# JRE version: OpenJDK Runtime Environment (8.0_242-b01) (build 1.8.0_242-release-1644-b01)
# Java VM: OpenJDK 64-Bit Server VM (25.242-b01 mixed mode windows-amd64 compressed oops)
Heap:
 PSYoungGen      total 573952K, used 304011K [0x00000000d5580000, 0x0000000100000000, 0x0000000100000000)
  eden space 456704K, 49% used [0x00000000d5580000,0x00000000e3278f90,0x00000000f1380000)
  from space 117248K, 66% used [0x00000000f1380000,0x00000000f5f69ff8,0x00000000f8600000)
  to   space 119808K, 0% used [0x00000000f8b00000,0x00000000f8b00000,0x0000000100000000)
 ParOldGen       total 228864K, used 132017K [0x0000000080000000, 0x000000008df80000, 0x00000000d5580000)
  object space 228864K, 57% used [0x0000000080000000,0x00000000880ec7a0,0x000000008df80000)
 Metaspace       used 285126K, capacity 300370K, committed 303320K, reserved 1312768K
  class space    used 36465K, capacity 39315K, committed 40448K, reserved 1048576K
GC Heap History (10 events):
Event: 26005.807 GC heap before
{Heap before GC invocations=56 (full 9):
 PSYoungGen      total 551936K, used 81298K [0x00000000d5580000, 0x0000000100000000, 0x0000000100000000)
  eden space 470528K, 0% used [0x00000000d5580000,0x00000000d5580000,0x00000000f2100000)
  from space 81408K, 99% used [0x00000000f2100000,0x00000000f7064aa8,0x00000000f7080000)
  to   space 119296K, 0% used [0x00000000f8b80000,0x00000000f8b80000,0x0000000100000000)
 ParOldGen       total 228864K, used 113839K [0x0000000080000000, 0x000000008df80000, 0x00000000d5580000)
  object space 228864K, 49% used [0x0000000080000000,0x0000000086f2bc80,0x000000008df80000)
 Metaspace       used 258911K, capacity 274986K, committed 276440K, reserved 1288192K
  class space    used 33346K, capacity 36394K, committed 37632K, reserved 1048576K
Event: 26014.334 GC heap after
Heap after GC invocations=56 (full 9):
 PSYoungGen      total 551936K, used 0K [0x00000000d5580000, 0x0000000100000000, 0x0000000100000000)
  eden space 470528K, 0% used [0x00000000d5580000,0x00000000d5580000,0x00000000f2100000)
  from space 81408K, 0% used [0x00000000f2100000,0x00000000f2100000,0x00000000f7080000)
  to   space 119296K, 0% used [0x00000000f8b80000,0x00000000f8b80000,0x0000000100000000)
 ParOldGen       total 228864K, used 131993K [0x0000000080000000, 0x000000008df80000, 0x00000000d5580000)
  object space 228864K, 57% used [0x0000000080000000,0x00000000880e67a0,0x000000008df80000)
 Metaspace       used 255258K, capacity 267148K, committed 276440K, reserved 1288192K
  class space    used 32585K, capacity 34862K, committed 37632K, reserved 1048576K
}
Event: 26047.002 GC heap before
{Heap before GC invocations=57 (full 9):
 PSYoungGen      total 551936K, used 470528K [0x00000000d5580000, 0x0000000100000000, 0x0000000100000000)
  eden space 470528K, 100% used [0x00000000d5580000,0x00000000f2100000,0x00000000f2100000)
  from space 81408K, 0% used [0x00000000f2100000,0x00000000f2100000,0x00000000f7080000)
  to   space 119296K, 0% used [0x00000000f8b80000,0x00000000f8b80000,0x0000000100000000)
 ParOldGen       total 228864K, used 131993K [0x0000000080000000, 0x000000008df80000, 0x00000000d5580000)
  object space 228864K, 57% used [0x0000000080000000,0x00000000880e67a0,0x000000008df80000)
 Metaspace       used 273103K, capacity 286514K, committed 292056K, reserved 1302528K
  class space    used 34800K, capacity 37389K, committed 39168K, reserved 1048576K
Event: 26047.036 GC heap after
Heap after GC invocations=57 (full 9):
 PSYoungGen      total 582656K, used 31277K [0x00000000d5580000, 0x0000000100000000, 0x0000000100000000)
  eden space 463360K, 0% used [0x00000000d5580000,0x00000000d5580000,0x00000000f1a00000)
  from space 119296K, 26% used [0x00000000f8b80000,0x00000000faa0b458,0x0000000100000000)
  to   space 116224K, 0% used [0x00000000f1a00000,0x00000000f1a00000,0x00000000f8b80000)
 ParOldGen       total 228864K, used 132001K [0x0000000080000000, 0x000000008df80000, 0x00000000d5580000)
  object space 228864K, 57% used [0x0000000080000000,0x00000000880e87a0,0x000000008df80000)
 Metaspace       used 273103K, capacity 286514K, committed 292056K, reserved 1302528K
  class space    used 34800K, capacity 37389K, committed 39168K, reserved 1048576K
}
Event: 26055.378 GC heap before
{Heap before GC invocations=58 (full 9):
 PSYoungGen      total 582656K, used 494637K [0x00000000d5580000, 0x0000000100000000, 0x0000000100000000)
  eden space 463360K, 100% used [0x00000000d5580000,0x00000000f1a00000,0x00000000f1a00000)
  from space 119296K, 26% used [0x00000000f8b80000,0x00000000faa0b458,0x0000000100000000)
  to   space 116224K, 0% used [0x00000000f1a00000,0x00000000f1a00000,0x00000000f8b80000)
 ParOldGen       total 228864K, used 132001K [0x0000000080000000, 0x000000008df80000, 0x00000000d5580000)
  object space 228864K, 57% used [0x0000000080000000,0x00000000880e87a0,0x000000008df80000)
 Metaspace       used 284186K, capacity 299354K, committed 302296K, reserved 1310720K
  class space    used 36402K, capacity 39257K, committed 40448K, reserved 1048576K
Event: 26055.504 GC heap after
Heap after GC invocations=58 (full 9):
 PSYoungGen      total 510464K, used 46721K [0x00000000d5580000, 0x00000000ff200000, 0x0000000100000000)
  eden space 463360K, 0% used [0x00000000d5580000,0x00000000d5580000,0x00000000f1a00000)
  from space 47104K, 99% used [0x00000000f1a00000,0x00000000f47a06e8,0x00000000f4800000)
  to   space 110592K, 0% used [0x00000000f8600000,0x00000000f8600000,0x00000000ff200000)
 ParOldGen       total 228864K, used 132009K [0x0000000080000000, 0x000000008df80000, 0x00000000d5580000)
  object space 228864K, 57% used [0x0000000080000000,0x00000000880ea7a0,0x000000008df80000)
 Metaspace       used 284186K, capacity 299354K, committed 302296K, reserved 1310720K
  class space    used 36402K, capacity 39257K, committed 40448K, reserved 1048576K
}
Event: 26056.924 GC heap before
{Heap before GC invocations=59 (full 9):
 PSYoungGen      total 510464K, used 510081K [0x00000000d5580000, 0x00000000ff200000, 0x0000000100000000)
  eden space 463360K, 100% used [0x00000000d5580000,0x00000000f1a00000,0x00000000f1a00000)
  from space 47104K, 99% used [0x00000000f1a00000,0x00000000f47a06e8,0x00000000f4800000)
  to   space 110592K, 0% used [0x00000000f8600000,0x00000000f8600000,0x00000000ff200000)
 ParOldGen       total 228864K, used 132009K [0x0000000080000000, 0x000000008df80000, 0x00000000d5580000)
  object space 228864K, 57% used [0x0000000080000000,0x00000000880ea7a0,0x000000008df80000)
 Metaspace       used 284784K, capacity 299966K, committed 302808K, reserved 1312768K
  class space    used 36432K, capacity 39305K, committed 40448K, reserved 1048576K
Event: 26056.987 GC heap after
Heap after GC invocations=59 (full 9):
 PSYoungGen      total 567296K, used 84842K [0x00000000d5580000, 0x0000000100000000, 0x0000000100000000)
  eden space 456704K, 0% used [0x00000000d5580000,0x00000000d5580000,0x00000000f1380000)
  from space 110592K, 76% used [0x00000000f8600000,0x00000000fd8da878,0x00000000ff200000)
  to   space 117248K, 0% used [0x00000000f1380000,0x00000000f1380000,0x00000000f8600000)
 ParOldGen       total 228864K, used 132009K [0x0000000080000000, 0x000000008df80000, 0x00000000d5580000)
  object space 228864K, 57% used [0x0000000080000000,0x00000000880ea7a0,0x000000008df80000)
 Metaspace       used 284784K, capacity 299966K, committed 302808K, reserved 1312768K
  class space    used 36432K, capacity 39305K, committed 40448K, reserved 1048576K
}
Event: 26057.756 GC heap before
{Heap before GC invocations=60 (full 9):
 PSYoungGen      total 567296K, used 541546K [0x00000000d5580000, 0x0000000100000000, 0x0000000100000000)
  eden space 456704K, 100% used [0x00000000d5580000,0x00000000f1380000,0x00000000f1380000)
  from space 110592K, 76% used [0x00000000f8600000,0x00000000fd8da878,0x00000000ff200000)
  to   space 117248K, 0% used [0x00000000f1380000,0x00000000f1380000,0x00000000f8600000)
 ParOldGen       total 228864K, used 132009K [0x0000000080000000, 0x000000008df80000, 0x00000000d5580000)
  object space 228864K, 57% used [0x0000000080000000,0x00000000880ea7a0,0x000000008df80000)
 Metaspace       used 285069K, capacity 300290K, committed 303064K, reserved 1312768K
  class space    used 36462K, capacity 39311K, committed 40448K, reserved 1048576K
Event: 26057.805 GC heap after
Heap after GC invocations=60 (full 9):
 PSYoungGen      total 573952K, used 77735K [0x00000000d5580000, 0x0000000100000000, 0x0000000100000000)
  eden space 456704K, 0% used [0x00000000d5580000,0x00000000d5580000,0x00000000f1380000)
  from space 117248K, 66% used [0x00000000f1380000,0x00000000f5f69ff8,0x00000000f8600000)
  to   space 119808K, 0% used [0x00000000f8b00000,0x00000000f8b00000,0x0000000100000000)
 ParOldGen       total 228864K, used 132017K [0x0000000080000000, 0x000000008df80000, 0x00000000d5580000)
  object space 228864K, 57% used [0x0000000080000000,0x00000000880ec7a0,0x000000008df80000)
 Metaspace       used 285069K, capacity 300290K, committed 303064K, reserved 1312768K
  class space    used 36462K, capacity 39311K, committed 40448K, reserved 1048576K
}

